<?xml version="1.0" encoding="UTF-8"?>
<!-- Generated by org.testng.reporters.JUnitReportReporter -->
<testsuite hostname="DESKTOP-0T7R0CE" failures="0" tests="1" name="MyProject.MakeMyTripTests.BaseClass" time="5.765" errors="0" timestamp="2024-05-21T13:30:28 IST" skipped="0">
  <testcase classname="MyProject.MakeMyTripTests.BaseClass" name="verifyLaunchApplication" time="5.765"/>
  <system-out/>
</testsuite> <!-- MyProject.MakeMyTripTests.BaseClass -->
