<?xml version="1.0" encoding="UTF-8"?>
<!-- Generated by org.testng.reporters.JUnitReportReporter -->
<testsuite hostname="DESKTOP-0T7R0CE" failures="0" tests="1" name="MyProject.MakeMyTripTests.LoginTest" time="22.026" errors="0" timestamp="2024-05-23T16:12:36 IST" skipped="0">
  <testcase classname="MyProject.MakeMyTripTests.LoginTest" name="loginTest1" time="22.026"/>
</testsuite> <!-- MyProject.MakeMyTripTests.LoginTest -->
